[debug] [2021-03-13T01:50:14.894Z] ----------------------------------------------------------------------
[debug] [2021-03-13T01:50:14.899Z] Command:       /usr/bin/node /usr/bin/firebase serve
[debug] [2021-03-13T01:50:14.899Z] CLI Version:   9.6.1
[debug] [2021-03-13T01:50:14.900Z] Platform:      linux
[debug] [2021-03-13T01:50:14.900Z] Node Version:  v15.11.0
[debug] [2021-03-13T01:50:14.903Z] Time:          Sat Mar 13 2021 04:50:14 GMT+0300 (Москва, стандартное время)
[debug] [2021-03-13T01:50:14.904Z] ----------------------------------------------------------------------
[debug] [2021-03-13T01:50:14.904Z] 
[debug] [2021-03-13T01:50:14.916Z] > command requires scopes: ["email","openid","https://www.googleapis.com/auth/cloudplatformprojects.readonly","https://www.googleapis.com/auth/firebase","https://www.googleapis.com/auth/cloud-platform"]
[debug] [2021-03-13T01:50:14.917Z] > authorizing via signed-in user
[debug] [2021-03-13T01:50:14.917Z] [iam] checking project trigger-app-c28b9 for permissions ["firebase.projects.get"]
[debug] [2021-03-13T01:50:14.921Z] > refreshing access token with scopes: ["email","https://www.googleapis.com/auth/cloud-platform","https://www.googleapis.com/auth/cloudplatformprojects.readonly","https://www.googleapis.com/auth/firebase","openid"]
[debug] [2021-03-13T01:50:14.921Z] >>> HTTP REQUEST POST https://www.googleapis.com/oauth2/v3/token  
 <request body omitted>
[debug] [2021-03-13T01:50:15.144Z] <<< HTTP RESPONSE 200 {"cache-control":"no-cache, no-store, max-age=0, must-revalidate","expires":"Mon, 01 Jan 1990 00:00:00 GMT","date":"Sat, 13 Mar 2021 01:50:15 GMT","pragma":"no-cache","content-type":"application/json; charset=utf-8","vary":"X-Origin, Referer, Origin,Accept-Encoding","server":"scaffolding on HTTPServer2","x-xss-protection":"0","x-frame-options":"SAMEORIGIN","x-content-type-options":"nosniff","alt-svc":"h3-29=\":443\"; ma=2592000,h3-T051=\":443\"; ma=2592000,h3-Q050=\":443\"; ma=2592000,h3-Q046=\":443\"; ma=2592000,h3-Q043=\":443\"; ma=2592000,quic=\":443\"; ma=2592000; v=\"46,43\"","accept-ranges":"none","transfer-encoding":"chunked"}
[debug] [2021-03-13T01:50:15.174Z] >>> HTTP REQUEST POST https://cloudresourcemanager.googleapis.com/v1/projects/trigger-app-c28b9:testIamPermissions  
 {"permissions":["firebase.projects.get"]}
[debug] [2021-03-13T01:50:16.135Z] <<< HTTP RESPONSE 200 {"content-type":"application/json; charset=UTF-8","vary":"X-Origin, Referer, Origin,Accept-Encoding","date":"Sat, 13 Mar 2021 01:50:16 GMT","server":"ESF","cache-control":"private","x-xss-protection":"0","x-frame-options":"SAMEORIGIN","x-content-type-options":"nosniff","server-timing":"gfet4t7; dur=699","alt-svc":"h3-29=\":443\"; ma=2592000,h3-T051=\":443\"; ma=2592000,h3-Q050=\":443\"; ma=2592000,h3-Q046=\":443\"; ma=2592000,h3-Q043=\":443\"; ma=2592000,quic=\":443\"; ma=2592000; v=\"46,43\"","accept-ranges":"none","transfer-encoding":"chunked"}
[debug] [2021-03-13T01:50:16.138Z] > refreshing access token with scopes: []
[debug] [2021-03-13T01:50:16.139Z] >>> HTTP REQUEST POST https://www.googleapis.com/oauth2/v3/token  
 <request body omitted>
[debug] [2021-03-13T01:50:16.319Z] <<< HTTP RESPONSE 200 {"date":"Sat, 13 Mar 2021 01:50:16 GMT","cache-control":"no-cache, no-store, max-age=0, must-revalidate","pragma":"no-cache","expires":"Mon, 01 Jan 1990 00:00:00 GMT","content-type":"application/json; charset=utf-8","vary":"X-Origin, Referer, Origin,Accept-Encoding","server":"scaffolding on HTTPServer2","x-xss-protection":"0","x-frame-options":"SAMEORIGIN","x-content-type-options":"nosniff","alt-svc":"h3-29=\":443\"; ma=2592000,h3-T051=\":443\"; ma=2592000,h3-Q050=\":443\"; ma=2592000,h3-Q046=\":443\"; ma=2592000,h3-Q043=\":443\"; ma=2592000,quic=\":443\"; ma=2592000; v=\"46,43\"","accept-ranges":"none","transfer-encoding":"chunked"}
[debug] [2021-03-13T01:50:16.351Z] >>> [apiv2][query] GET https://firebase.googleapis.com/v1beta1/projects/trigger-app-c28b9 [none]
[debug] [2021-03-13T01:50:16.751Z] <<< [apiv2][status] GET https://firebase.googleapis.com/v1beta1/projects/trigger-app-c28b9 200
[debug] [2021-03-13T01:50:16.752Z] <<< [apiv2][body] GET https://firebase.googleapis.com/v1beta1/projects/trigger-app-c28b9 {"projectId":"trigger-app-c28b9","projectNumber":"1002420003979","displayName":"Trigger App","name":"projects/trigger-app-c28b9","resources":{"hostingSite":"trigger-app-c28b9","storageBucket":"trigger-app-c28b9.appspot.com","locationId":"europe-west"},"state":"ACTIVE"}
[info] 
[info] === Serving from '/home/artur/workshop/react/trigger'...
[info] 
[warn] ⚠  Your requested "node" version "12" doesn't match your global version "15" {"metadata":{"emulator":{"name":"functions"},"message":"Your requested \"node\" version \"12\" doesn't match your global version \"15\""}}
[debug] [2021-03-13T01:50:16.779Z] defaultcredentials: writing to file /home/artur/.config/firebase/zalart1980_gmail_com_application_default_credentials.json
[debug] [2021-03-13T01:50:16.784Z] Setting GAC to /home/artur/.config/firebase/zalart1980_gmail_com_application_default_credentials.json {"metadata":{"emulator":{"name":"functions"},"message":"Setting GAC to /home/artur/.config/firebase/zalart1980_gmail_com_application_default_credentials.json"}}
[debug] [2021-03-13T01:50:16.786Z] >>> [apiv2][query] GET https://firebase.googleapis.com/v1beta1/projects/trigger-app-c28b9/adminSdkConfig [none]
[debug] [2021-03-13T01:50:17.273Z] <<< [apiv2][status] GET https://firebase.googleapis.com/v1beta1/projects/trigger-app-c28b9/adminSdkConfig 200
[debug] [2021-03-13T01:50:17.273Z] <<< [apiv2][body] GET https://firebase.googleapis.com/v1beta1/projects/trigger-app-c28b9/adminSdkConfig {"projectId":"trigger-app-c28b9","storageBucket":"trigger-app-c28b9.appspot.com","locationId":"europe-west"}
[info] i  functions: Watching "/home/artur/workshop/react/trigger/functions" for Cloud Functions... {"metadata":{"emulator":{"name":"functions"},"message":"Watching \"/home/artur/workshop/react/trigger/functions\" for Cloud Functions..."}}
[debug] [2021-03-13T01:50:17.339Z] [worker-pool] addWorker(~diagnostic~) {"metadata":{"emulator":{"name":"functions"},"message":"[worker-pool] addWorker(~diagnostic~)"}}
[debug] [2021-03-13T01:50:17.339Z] [worker-pool] Adding worker with key ~diagnostic~, total=1 {"metadata":{"emulator":{"name":"functions"},"message":"[worker-pool] Adding worker with key ~diagnostic~, total=1"}}
[debug] [2021-03-13T01:50:17.340Z] [worker-pool] submitWork(triggerId=) {"metadata":{"emulator":{"name":"functions"},"message":"[worker-pool] submitWork(triggerId=)"}}
[debug] [2021-03-13T01:50:17.341Z] [worker-~diagnostic~-0e67950b-19f7-41bd-9abb-60fb1c4ef498]: Assigning socketPath: /tmp/fire_emu_70469.sock {"metadata":{"emulator":{"name":"functions"},"message":"[worker-~diagnostic~-0e67950b-19f7-41bd-9abb-60fb1c4ef498]: Assigning socketPath: /tmp/fire_emu_70469.sock"}}
[debug] [2021-03-13T01:50:17.342Z] [worker-~diagnostic~-0e67950b-19f7-41bd-9abb-60fb1c4ef498]: BUSY {"metadata":{"emulator":{"name":"functions"},"message":"[worker-~diagnostic~-0e67950b-19f7-41bd-9abb-60fb1c4ef498]: BUSY"}}
[debug] [2021-03-13T01:50:17.544Z] [runtime-status] [70469] Functions runtime initialized. {"cwd":"/home/artur/workshop/react/trigger/functions","node_version":"15.11.0"} {"metadata":{"emulator":{"name":"functions"},"message":"[runtime-status] [70469] Functions runtime initialized. {\"cwd\":\"/home/artur/workshop/react/trigger/functions\",\"node_version\":\"15.11.0\"}"}}
[debug] [2021-03-13T01:50:17.545Z] [runtime-status] [70469] Disabled runtime features: undefined {"metadata":{"emulator":{"name":"functions"},"message":"[runtime-status] [70469] Disabled runtime features: undefined"}}
[debug] [2021-03-13T01:50:17.555Z] [runtime-status] [70469] Resolved module firebase-admin {"declared":true,"installed":true,"version":"9.5.0","resolution":"/home/artur/workshop/react/trigger/functions/node_modules/firebase-admin/lib/index.js"} {"metadata":{"emulator":{"name":"functions"},"message":"[runtime-status] [70469] Resolved module firebase-admin {\"declared\":true,\"installed\":true,\"version\":\"9.5.0\",\"resolution\":\"/home/artur/workshop/react/trigger/functions/node_modules/firebase-admin/lib/index.js\"}"}}
[debug] [2021-03-13T01:50:17.558Z] [runtime-status] [70469] Resolved module firebase-functions {"declared":true,"installed":true,"version":"3.13.2","resolution":"/home/artur/workshop/react/trigger/functions/node_modules/firebase-functions/lib/index.js"} {"metadata":{"emulator":{"name":"functions"},"message":"[runtime-status] [70469] Resolved module firebase-functions {\"declared\":true,\"installed\":true,\"version\":\"3.13.2\",\"resolution\":\"/home/artur/workshop/react/trigger/functions/node_modules/firebase-functions/lib/index.js\"}"}}
[debug] [2021-03-13T01:50:17.562Z] [runtime-status] [70469] Resolved module firebase-functions {"declared":true,"installed":true,"version":"3.13.2","resolution":"/home/artur/workshop/react/trigger/functions/node_modules/firebase-functions/lib/index.js"} {"metadata":{"emulator":{"name":"functions"},"message":"[runtime-status] [70469] Resolved module firebase-functions {\"declared\":true,\"installed\":true,\"version\":\"3.13.2\",\"resolution\":\"/home/artur/workshop/react/trigger/functions/node_modules/firebase-functions/lib/index.js\"}"}}
[debug] [2021-03-13T01:50:17.566Z] [runtime-status] [70469] Outgoing network have been stubbed. [{"name":"http","status":"mocked"},{"name":"http","status":"mocked"},{"name":"https","status":"mocked"},{"name":"https","status":"mocked"},{"name":"net","status":"mocked"}] {"metadata":{"emulator":{"name":"functions"},"message":"[runtime-status] [70469] Outgoing network have been stubbed. [{\"name\":\"http\",\"status\":\"mocked\"},{\"name\":\"http\",\"status\":\"mocked\"},{\"name\":\"https\",\"status\":\"mocked\"},{\"name\":\"https\",\"status\":\"mocked\"},{\"name\":\"net\",\"status\":\"mocked\"}]"}}
[debug] [2021-03-13T01:50:17.567Z] [runtime-status] [70469] Resolved module firebase-functions {"declared":true,"installed":true,"version":"3.13.2","resolution":"/home/artur/workshop/react/trigger/functions/node_modules/firebase-functions/lib/index.js"} {"metadata":{"emulator":{"name":"functions"},"message":"[runtime-status] [70469] Resolved module firebase-functions {\"declared\":true,\"installed\":true,\"version\":\"3.13.2\",\"resolution\":\"/home/artur/workshop/react/trigger/functions/node_modules/firebase-functions/lib/index.js\"}"}}
[debug] [2021-03-13T01:50:17.656Z] [runtime-status] [70469] Checked functions.config() {"config":{}} {"metadata":{"emulator":{"name":"functions"},"message":"[runtime-status] [70469] Checked functions.config() {\"config\":{}}"}}
[debug] [2021-03-13T01:50:17.657Z] [runtime-status] [70469] firebase-functions has been stubbed. {"functionsResolution":{"declared":true,"installed":true,"version":"3.13.2","resolution":"/home/artur/workshop/react/trigger/functions/node_modules/firebase-functions/lib/index.js"}} {"metadata":{"emulator":{"name":"functions"},"message":"[runtime-status] [70469] firebase-functions has been stubbed. {\"functionsResolution\":{\"declared\":true,\"installed\":true,\"version\":\"3.13.2\",\"resolution\":\"/home/artur/workshop/react/trigger/functions/node_modules/firebase-functions/lib/index.js\"}}"}}
[debug] [2021-03-13T01:50:17.658Z] [runtime-status] [70469] Resolved module firebase-functions {"declared":true,"installed":true,"version":"3.13.2","resolution":"/home/artur/workshop/react/trigger/functions/node_modules/firebase-functions/lib/index.js"} {"metadata":{"emulator":{"name":"functions"},"message":"[runtime-status] [70469] Resolved module firebase-functions {\"declared\":true,\"installed\":true,\"version\":\"3.13.2\",\"resolution\":\"/home/artur/workshop/react/trigger/functions/node_modules/firebase-functions/lib/index.js\"}"}}
[debug] [2021-03-13T01:50:17.659Z] [runtime-status] [70469] Resolved module firebase-admin {"declared":true,"installed":true,"version":"9.5.0","resolution":"/home/artur/workshop/react/trigger/functions/node_modules/firebase-admin/lib/index.js"} {"metadata":{"emulator":{"name":"functions"},"message":"[runtime-status] [70469] Resolved module firebase-admin {\"declared\":true,\"installed\":true,\"version\":\"9.5.0\",\"resolution\":\"/home/artur/workshop/react/trigger/functions/node_modules/firebase-admin/lib/index.js\"}"}}
[debug] [2021-03-13T01:50:17.660Z] [runtime-status] [70469] Resolved module firebase-functions {"declared":true,"installed":true,"version":"3.13.2","resolution":"/home/artur/workshop/react/trigger/functions/node_modules/firebase-functions/lib/index.js"} {"metadata":{"emulator":{"name":"functions"},"message":"[runtime-status] [70469] Resolved module firebase-functions {\"declared\":true,\"installed\":true,\"version\":\"3.13.2\",\"resolution\":\"/home/artur/workshop/react/trigger/functions/node_modules/firebase-functions/lib/index.js\"}"}}
[debug] [2021-03-13T01:50:17.661Z] [runtime-status] [70469] firebase-admin has been stubbed. {"adminResolution":{"declared":true,"installed":true,"version":"9.5.0","resolution":"/home/artur/workshop/react/trigger/functions/node_modules/firebase-admin/lib/index.js"}} {"metadata":{"emulator":{"name":"functions"},"message":"[runtime-status] [70469] firebase-admin has been stubbed. {\"adminResolution\":{\"declared\":true,\"installed\":true,\"version\":\"9.5.0\",\"resolution\":\"/home/artur/workshop/react/trigger/functions/node_modules/firebase-admin/lib/index.js\"}}"}}
[debug] [2021-03-13T01:50:17.822Z] [runtime-status] [70469] initializeApp(DEFAULT) {"storageBucket":"trigger-app-c28b9.appspot.com","projectId":"trigger-app-c28b9"} {"metadata":{"emulator":{"name":"functions"},"message":"[runtime-status] [70469] initializeApp(DEFAULT) {\"storageBucket\":\"trigger-app-c28b9.appspot.com\",\"projectId\":\"trigger-app-c28b9\"}"}}
[warn] ⚠  functions: The Cloud Firestore emulator is not running, so calls to Firestore will affect production. {"metadata":{"emulator":{"name":"functions"},"message":"The Cloud Firestore emulator is not running, so calls to Firestore will affect production."}}
[info] ✔  functions[api]: http function initialized (http://localhost:5000/trigger-app-c28b9/us-central1/api). {"metadata":{"emulator":{"name":"functions"},"message":"\u001b[1mhttp\u001b[22m function initialized (http://localhost:5000/trigger-app-c28b9/us-central1/api)."}}
[debug] [2021-03-13T01:50:18.654Z] [worker-~diagnostic~-0e67950b-19f7-41bd-9abb-60fb1c4ef498]: IDLE {"metadata":{"emulator":{"name":"functions"},"message":"[worker-~diagnostic~-0e67950b-19f7-41bd-9abb-60fb1c4ef498]: IDLE"}}
[debug] [2021-03-13T01:50:33.296Z] [work-queue] {"queueLength":1,"workRunningCount":0}
[debug] [2021-03-13T01:50:33.299Z] [work-queue] {"queueLength":0,"workRunningCount":1}
[debug] [2021-03-13T01:50:33.300Z] Accepted request GET /trigger-app-c28b9/us-central1/api --> api
[debug] [2021-03-13T01:50:33.325Z] [worker-pool] addWorker(api) {"metadata":{"emulator":{"name":"functions"},"message":"[worker-pool] addWorker(api)"}}
[debug] [2021-03-13T01:50:33.326Z] [worker-pool] Adding worker with key api, total=1 {"metadata":{"emulator":{"name":"functions"},"message":"[worker-pool] Adding worker with key api, total=1"}}
[debug] [2021-03-13T01:50:33.326Z] [worker-pool] submitWork(triggerId=api) {"metadata":{"emulator":{"name":"functions"},"message":"[worker-pool] submitWork(triggerId=api)"}}
[debug] [2021-03-13T01:50:33.327Z] [worker-api-3066c0bc-0463-4f5d-84f4-f851e90e7c7a]: Assigning socketPath: /tmp/fire_emu_70617.sock {"metadata":{"emulator":{"name":"functions"},"message":"[worker-api-3066c0bc-0463-4f5d-84f4-f851e90e7c7a]: Assigning socketPath: /tmp/fire_emu_70617.sock"}}
[debug] [2021-03-13T01:50:33.327Z] [worker-api-3066c0bc-0463-4f5d-84f4-f851e90e7c7a]: BUSY {"metadata":{"emulator":{"name":"functions"},"message":"[worker-api-3066c0bc-0463-4f5d-84f4-f851e90e7c7a]: BUSY"}}
[debug] [2021-03-13T01:50:33.627Z] [runtime-status] [70617] Functions runtime initialized. {"cwd":"/home/artur/workshop/react/trigger/functions","node_version":"15.11.0"} {"metadata":{"emulator":{"name":"functions"},"function":{"name":"api"},"message":"[runtime-status] [70617] Functions runtime initialized. {\"cwd\":\"/home/artur/workshop/react/trigger/functions\",\"node_version\":\"15.11.0\"}"}}
[debug] [2021-03-13T01:50:33.630Z] [runtime-status] [70617] Disabled runtime features: undefined {"metadata":{"emulator":{"name":"functions"},"function":{"name":"api"},"message":"[runtime-status] [70617] Disabled runtime features: undefined"}}
[debug] [2021-03-13T01:50:33.634Z] [runtime-status] [70617] Resolved module firebase-admin {"declared":true,"installed":true,"version":"9.5.0","resolution":"/home/artur/workshop/react/trigger/functions/node_modules/firebase-admin/lib/index.js"} {"metadata":{"emulator":{"name":"functions"},"function":{"name":"api"},"message":"[runtime-status] [70617] Resolved module firebase-admin {\"declared\":true,\"installed\":true,\"version\":\"9.5.0\",\"resolution\":\"/home/artur/workshop/react/trigger/functions/node_modules/firebase-admin/lib/index.js\"}"}}
[debug] [2021-03-13T01:50:33.637Z] [runtime-status] [70617] Resolved module firebase-functions {"declared":true,"installed":true,"version":"3.13.2","resolution":"/home/artur/workshop/react/trigger/functions/node_modules/firebase-functions/lib/index.js"} {"metadata":{"emulator":{"name":"functions"},"function":{"name":"api"},"message":"[runtime-status] [70617] Resolved module firebase-functions {\"declared\":true,\"installed\":true,\"version\":\"3.13.2\",\"resolution\":\"/home/artur/workshop/react/trigger/functions/node_modules/firebase-functions/lib/index.js\"}"}}
[debug] [2021-03-13T01:50:33.639Z] [runtime-status] [70617] Resolved module firebase-functions {"declared":true,"installed":true,"version":"3.13.2","resolution":"/home/artur/workshop/react/trigger/functions/node_modules/firebase-functions/lib/index.js"} {"metadata":{"emulator":{"name":"functions"},"function":{"name":"api"},"message":"[runtime-status] [70617] Resolved module firebase-functions {\"declared\":true,\"installed\":true,\"version\":\"3.13.2\",\"resolution\":\"/home/artur/workshop/react/trigger/functions/node_modules/firebase-functions/lib/index.js\"}"}}
[debug] [2021-03-13T01:50:33.644Z] [runtime-status] [70617] Outgoing network have been stubbed. [{"name":"http","status":"mocked"},{"name":"http","status":"mocked"},{"name":"https","status":"mocked"},{"name":"https","status":"mocked"},{"name":"net","status":"mocked"}] {"metadata":{"emulator":{"name":"functions"},"function":{"name":"api"},"message":"[runtime-status] [70617] Outgoing network have been stubbed. [{\"name\":\"http\",\"status\":\"mocked\"},{\"name\":\"http\",\"status\":\"mocked\"},{\"name\":\"https\",\"status\":\"mocked\"},{\"name\":\"https\",\"status\":\"mocked\"},{\"name\":\"net\",\"status\":\"mocked\"}]"}}
[debug] [2021-03-13T01:50:33.646Z] [runtime-status] [70617] Resolved module firebase-functions {"declared":true,"installed":true,"version":"3.13.2","resolution":"/home/artur/workshop/react/trigger/functions/node_modules/firebase-functions/lib/index.js"} {"metadata":{"emulator":{"name":"functions"},"function":{"name":"api"},"message":"[runtime-status] [70617] Resolved module firebase-functions {\"declared\":true,\"installed\":true,\"version\":\"3.13.2\",\"resolution\":\"/home/artur/workshop/react/trigger/functions/node_modules/firebase-functions/lib/index.js\"}"}}
[debug] [2021-03-13T01:50:33.739Z] [runtime-status] [70617] Checked functions.config() {"config":{}} {"metadata":{"emulator":{"name":"functions"},"function":{"name":"api"},"message":"[runtime-status] [70617] Checked functions.config() {\"config\":{}}"}}
[debug] [2021-03-13T01:50:33.739Z] [runtime-status] [70617] firebase-functions has been stubbed. {"functionsResolution":{"declared":true,"installed":true,"version":"3.13.2","resolution":"/home/artur/workshop/react/trigger/functions/node_modules/firebase-functions/lib/index.js"}} {"metadata":{"emulator":{"name":"functions"},"function":{"name":"api"},"message":"[runtime-status] [70617] firebase-functions has been stubbed. {\"functionsResolution\":{\"declared\":true,\"installed\":true,\"version\":\"3.13.2\",\"resolution\":\"/home/artur/workshop/react/trigger/functions/node_modules/firebase-functions/lib/index.js\"}}"}}
[debug] [2021-03-13T01:50:33.740Z] [runtime-status] [70617] Resolved module firebase-functions {"declared":true,"installed":true,"version":"3.13.2","resolution":"/home/artur/workshop/react/trigger/functions/node_modules/firebase-functions/lib/index.js"} {"metadata":{"emulator":{"name":"functions"},"function":{"name":"api"},"message":"[runtime-status] [70617] Resolved module firebase-functions {\"declared\":true,\"installed\":true,\"version\":\"3.13.2\",\"resolution\":\"/home/artur/workshop/react/trigger/functions/node_modules/firebase-functions/lib/index.js\"}"}}
[debug] [2021-03-13T01:50:33.743Z] [runtime-status] [70617] Resolved module firebase-admin {"declared":true,"installed":true,"version":"9.5.0","resolution":"/home/artur/workshop/react/trigger/functions/node_modules/firebase-admin/lib/index.js"} {"metadata":{"emulator":{"name":"functions"},"function":{"name":"api"},"message":"[runtime-status] [70617] Resolved module firebase-admin {\"declared\":true,\"installed\":true,\"version\":\"9.5.0\",\"resolution\":\"/home/artur/workshop/react/trigger/functions/node_modules/firebase-admin/lib/index.js\"}"}}
[debug] [2021-03-13T01:50:33.743Z] [runtime-status] [70617] Resolved module firebase-functions {"declared":true,"installed":true,"version":"3.13.2","resolution":"/home/artur/workshop/react/trigger/functions/node_modules/firebase-functions/lib/index.js"} {"metadata":{"emulator":{"name":"functions"},"function":{"name":"api"},"message":"[runtime-status] [70617] Resolved module firebase-functions {\"declared\":true,\"installed\":true,\"version\":\"3.13.2\",\"resolution\":\"/home/artur/workshop/react/trigger/functions/node_modules/firebase-functions/lib/index.js\"}"}}
[debug] [2021-03-13T01:50:33.744Z] [runtime-status] [70617] firebase-admin has been stubbed. {"adminResolution":{"declared":true,"installed":true,"version":"9.5.0","resolution":"/home/artur/workshop/react/trigger/functions/node_modules/firebase-admin/lib/index.js"}} {"metadata":{"emulator":{"name":"functions"},"function":{"name":"api"},"message":"[runtime-status] [70617] firebase-admin has been stubbed. {\"adminResolution\":{\"declared\":true,\"installed\":true,\"version\":\"9.5.0\",\"resolution\":\"/home/artur/workshop/react/trigger/functions/node_modules/firebase-admin/lib/index.js\"}}"}}
[debug] [2021-03-13T01:50:33.878Z] [runtime-status] [70617] initializeApp(DEFAULT) {"storageBucket":"trigger-app-c28b9.appspot.com","projectId":"trigger-app-c28b9"} {"metadata":{"emulator":{"name":"functions"},"function":{"name":"api"},"message":"[runtime-status] [70617] initializeApp(DEFAULT) {\"storageBucket\":\"trigger-app-c28b9.appspot.com\",\"projectId\":\"trigger-app-c28b9\"}"}}
[debug] [2021-03-13T01:50:34.614Z] [runtime-status] [70617] Trigger "api" has been found, beginning invocation! {"metadata":{"emulator":{"name":"functions"},"function":{"name":"api"},"message":"[runtime-status] [70617] Trigger \"api\" has been found, beginning invocation!"}}
[info] i  functions: Beginning execution of "api" {"metadata":{"emulator":{"name":"functions"},"function":{"name":"api"},"message":"Beginning execution of \"api\""}}
[debug] [2021-03-13T01:50:34.615Z] [runtime-status] [70617] triggerDefinition {"httpsTrigger":{},"name":"api","entryPoint":"api"} {"metadata":{"emulator":{"name":"functions"},"function":{"name":"api"},"message":"[runtime-status] [70617] triggerDefinition {\"httpsTrigger\":{},\"name\":\"api\",\"entryPoint\":\"api\"}"}}
[debug] [2021-03-13T01:50:34.616Z] [runtime-status] [70617] Running api in mode HTTPS {"metadata":{"emulator":{"name":"functions"},"function":{"name":"api"},"message":"[runtime-status] [70617] Running api in mode HTTPS"}}
[debug] [2021-03-13T01:50:34.625Z] [runtime-status] [70617] Attempting to listen to socketPath: /tmp/fire_emu_70617.sock {"metadata":{"emulator":{"name":"functions"},"function":{"name":"api"},"message":"[runtime-status] [70617] Attempting to listen to socketPath: /tmp/fire_emu_70617.sock"}}
[debug] [2021-03-13T01:50:34.634Z] [functions] Runtime ready! Sending request! {"metadata":{"emulator":{"name":"functions"},"message":"[functions] Runtime ready! Sending request!"}}
[debug] [2021-03-13T01:50:34.636Z] [functions] Got req.url=/trigger-app-c28b9/us-central1/api, mapping to path=/ {"metadata":{"emulator":{"name":"functions"},"message":"[functions] Got req.url=/trigger-app-c28b9/us-central1/api, mapping to path=/"}}
[debug] [2021-03-13T01:50:34.651Z] [runtime-status] [70617] Ephemeral server handling GET request {"metadata":{"emulator":{"name":"functions"},"function":{"name":"api"},"message":"[runtime-status] [70617] Ephemeral server handling GET request"}}
[debug] [2021-03-13T01:50:34.669Z] [runtime-status] [70617] Ephemeral server survived. {"metadata":{"emulator":{"name":"functions"},"function":{"name":"api"},"message":"[runtime-status] [70617] Ephemeral server survived."}}
[info] i  functions: Finished "api" in ~1s {"metadata":{"emulator":{"name":"functions"},"function":{"name":"api"},"message":"Finished \"api\" in ~1s"}}
[debug] [2021-03-13T01:50:34.675Z] [worker-api-3066c0bc-0463-4f5d-84f4-f851e90e7c7a]: IDLE {"metadata":{"emulator":{"name":"functions"},"message":"[worker-api-3066c0bc-0463-4f5d-84f4-f851e90e7c7a]: IDLE"}}
[debug] [2021-03-13T01:50:34.676Z] [work-queue] {"queueLength":0,"workRunningCount":0}
[debug] [2021-03-13T01:52:49.656Z] [work-queue] {"queueLength":1,"workRunningCount":0}
[debug] [2021-03-13T01:52:49.657Z] [work-queue] {"queueLength":0,"workRunningCount":1}
[debug] [2021-03-13T01:52:49.657Z] Accepted request POST /trigger-app-c28b9/us-central1/api/login --> api
[debug] [2021-03-13T01:52:49.658Z] [worker-pool] submitWork(triggerId=api) {"metadata":{"emulator":{"name":"functions"},"message":"[worker-pool] submitWork(triggerId=api)"}}
[debug] [2021-03-13T01:52:49.658Z] [worker-api-3066c0bc-0463-4f5d-84f4-f851e90e7c7a]: Assigning socketPath: /tmp/fire_emu_70617.sock {"metadata":{"emulator":{"name":"functions"},"message":"[worker-api-3066c0bc-0463-4f5d-84f4-f851e90e7c7a]: Assigning socketPath: /tmp/fire_emu_70617.sock"}}
[debug] [2021-03-13T01:52:49.658Z] [worker-api-3066c0bc-0463-4f5d-84f4-f851e90e7c7a]: BUSY {"metadata":{"emulator":{"name":"functions"},"message":"[worker-api-3066c0bc-0463-4f5d-84f4-f851e90e7c7a]: BUSY"}}
[debug] [2021-03-13T01:52:49.661Z] [runtime-status] [70617] Trigger "api" has been found, beginning invocation! {"metadata":{"emulator":{"name":"functions"},"function":{"name":"api"},"message":"[runtime-status] [70617] Trigger \"api\" has been found, beginning invocation!"}}
[info] i  functions: Beginning execution of "api" {"metadata":{"emulator":{"name":"functions"},"function":{"name":"api"},"message":"Beginning execution of \"api\""}}
[debug] [2021-03-13T01:52:49.663Z] [runtime-status] [70617] triggerDefinition {"httpsTrigger":{},"name":"api","entryPoint":"api"} {"metadata":{"emulator":{"name":"functions"},"function":{"name":"api"},"message":"[runtime-status] [70617] triggerDefinition {\"httpsTrigger\":{},\"name\":\"api\",\"entryPoint\":\"api\"}"}}
[debug] [2021-03-13T01:52:49.664Z] [runtime-status] [70617] Running api in mode HTTPS {"metadata":{"emulator":{"name":"functions"},"function":{"name":"api"},"message":"[runtime-status] [70617] Running api in mode HTTPS"}}
[debug] [2021-03-13T01:52:49.665Z] [runtime-status] [70617] Attempting to listen to socketPath: /tmp/fire_emu_70617.sock {"metadata":{"emulator":{"name":"functions"},"function":{"name":"api"},"message":"[runtime-status] [70617] Attempting to listen to socketPath: /tmp/fire_emu_70617.sock"}}
[debug] [2021-03-13T01:52:49.668Z] [functions] Runtime ready! Sending request! {"metadata":{"emulator":{"name":"functions"},"message":"[functions] Runtime ready! Sending request!"}}
[debug] [2021-03-13T01:52:49.669Z] [functions] Got req.url=/trigger-app-c28b9/us-central1/api/login, mapping to path=/login {"metadata":{"emulator":{"name":"functions"},"message":"[functions] Got req.url=/trigger-app-c28b9/us-central1/api/login, mapping to path=/login"}}
[debug] [2021-03-13T01:52:49.714Z] [runtime-status] [70617] Ephemeral server handling POST request {"metadata":{"emulator":{"name":"functions"},"function":{"name":"api"},"message":"[runtime-status] [70617] Ephemeral server handling POST request"}}
[debug] [2021-03-13T01:52:49.779Z] [runtime-status] [70617] Ephemeral server survived. {"metadata":{"emulator":{"name":"functions"},"function":{"name":"api"},"message":"[runtime-status] [70617] Ephemeral server survived."}}
[info] i  functions: Finished "api" in ~1s {"metadata":{"emulator":{"name":"functions"},"function":{"name":"api"},"message":"Finished \"api\" in ~1s"}}
[debug] [2021-03-13T01:52:50.456Z] [worker-api-3066c0bc-0463-4f5d-84f4-f851e90e7c7a]: IDLE {"metadata":{"emulator":{"name":"functions"},"message":"[worker-api-3066c0bc-0463-4f5d-84f4-f851e90e7c7a]: IDLE"}}
[debug] [2021-03-13T01:52:50.457Z] [work-queue] {"queueLength":0,"workRunningCount":0}
[debug] [2021-03-13T02:02:38.079Z] [work-queue] {"queueLength":1,"workRunningCount":0}
[debug] [2021-03-13T02:02:38.080Z] [work-queue] {"queueLength":0,"workRunningCount":1}
[debug] [2021-03-13T02:02:38.080Z] Accepted request POST /trigger-app-c28b9/us-central1/api/login --> api
[debug] [2021-03-13T02:02:38.081Z] [worker-pool] submitWork(triggerId=api) {"metadata":{"emulator":{"name":"functions"},"message":"[worker-pool] submitWork(triggerId=api)"}}
[debug] [2021-03-13T02:02:38.081Z] [worker-api-3066c0bc-0463-4f5d-84f4-f851e90e7c7a]: Assigning socketPath: /tmp/fire_emu_70617.sock {"metadata":{"emulator":{"name":"functions"},"message":"[worker-api-3066c0bc-0463-4f5d-84f4-f851e90e7c7a]: Assigning socketPath: /tmp/fire_emu_70617.sock"}}
[debug] [2021-03-13T02:02:38.082Z] [worker-api-3066c0bc-0463-4f5d-84f4-f851e90e7c7a]: BUSY {"metadata":{"emulator":{"name":"functions"},"message":"[worker-api-3066c0bc-0463-4f5d-84f4-f851e90e7c7a]: BUSY"}}
[debug] [2021-03-13T02:02:38.086Z] [runtime-status] [70617] Trigger "api" has been found, beginning invocation! {"metadata":{"emulator":{"name":"functions"},"function":{"name":"api"},"message":"[runtime-status] [70617] Trigger \"api\" has been found, beginning invocation!"}}
[info] i  functions: Beginning execution of "api" {"metadata":{"emulator":{"name":"functions"},"function":{"name":"api"},"message":"Beginning execution of \"api\""}}
[debug] [2021-03-13T02:02:38.090Z] [runtime-status] [70617] triggerDefinition {"httpsTrigger":{},"name":"api","entryPoint":"api"} {"metadata":{"emulator":{"name":"functions"},"function":{"name":"api"},"message":"[runtime-status] [70617] triggerDefinition {\"httpsTrigger\":{},\"name\":\"api\",\"entryPoint\":\"api\"}"}}
[debug] [2021-03-13T02:02:38.091Z] [runtime-status] [70617] Running api in mode HTTPS {"metadata":{"emulator":{"name":"functions"},"function":{"name":"api"},"message":"[runtime-status] [70617] Running api in mode HTTPS"}}
[debug] [2021-03-13T02:02:38.091Z] [runtime-status] [70617] Attempting to listen to socketPath: /tmp/fire_emu_70617.sock {"metadata":{"emulator":{"name":"functions"},"function":{"name":"api"},"message":"[runtime-status] [70617] Attempting to listen to socketPath: /tmp/fire_emu_70617.sock"}}
[debug] [2021-03-13T02:02:38.105Z] [functions] Runtime ready! Sending request! {"metadata":{"emulator":{"name":"functions"},"message":"[functions] Runtime ready! Sending request!"}}
[debug] [2021-03-13T02:02:38.106Z] [functions] Got req.url=/trigger-app-c28b9/us-central1/api/login, mapping to path=/login {"metadata":{"emulator":{"name":"functions"},"message":"[functions] Got req.url=/trigger-app-c28b9/us-central1/api/login, mapping to path=/login"}}
[debug] [2021-03-13T02:02:38.120Z] [runtime-status] [70617] Ephemeral server handling POST request {"metadata":{"emulator":{"name":"functions"},"function":{"name":"api"},"message":"[runtime-status] [70617] Ephemeral server handling POST request"}}
[debug] [2021-03-13T02:02:38.123Z] [runtime-status] [70617] Ephemeral server survived. {"metadata":{"emulator":{"name":"functions"},"function":{"name":"api"},"message":"[runtime-status] [70617] Ephemeral server survived."}}
[info] i  functions: Finished "api" in ~1s {"metadata":{"emulator":{"name":"functions"},"function":{"name":"api"},"message":"Finished \"api\" in ~1s"}}
[debug] [2021-03-13T02:02:38.779Z] [worker-api-3066c0bc-0463-4f5d-84f4-f851e90e7c7a]: IDLE {"metadata":{"emulator":{"name":"functions"},"message":"[worker-api-3066c0bc-0463-4f5d-84f4-f851e90e7c7a]: IDLE"}}
[debug] [2021-03-13T02:02:38.780Z] [work-queue] {"queueLength":0,"workRunningCount":0}
[debug] [2021-03-13T02:03:12.642Z] [work-queue] {"queueLength":1,"workRunningCount":0}
[debug] [2021-03-13T02:03:12.642Z] [work-queue] {"queueLength":0,"workRunningCount":1}
[debug] [2021-03-13T02:03:12.642Z] Accepted request POST /trigger-app-c28b9/us-central1/api/login --> api
[debug] [2021-03-13T02:03:12.643Z] [worker-pool] submitWork(triggerId=api) {"metadata":{"emulator":{"name":"functions"},"message":"[worker-pool] submitWork(triggerId=api)"}}
[debug] [2021-03-13T02:03:12.643Z] [worker-api-3066c0bc-0463-4f5d-84f4-f851e90e7c7a]: Assigning socketPath: /tmp/fire_emu_70617.sock {"metadata":{"emulator":{"name":"functions"},"message":"[worker-api-3066c0bc-0463-4f5d-84f4-f851e90e7c7a]: Assigning socketPath: /tmp/fire_emu_70617.sock"}}
[debug] [2021-03-13T02:03:12.643Z] [worker-api-3066c0bc-0463-4f5d-84f4-f851e90e7c7a]: BUSY {"metadata":{"emulator":{"name":"functions"},"message":"[worker-api-3066c0bc-0463-4f5d-84f4-f851e90e7c7a]: BUSY"}}
[debug] [2021-03-13T02:03:12.645Z] [runtime-status] [70617] Trigger "api" has been found, beginning invocation! {"metadata":{"emulator":{"name":"functions"},"function":{"name":"api"},"message":"[runtime-status] [70617] Trigger \"api\" has been found, beginning invocation!"}}
[info] i  functions: Beginning execution of "api" {"metadata":{"emulator":{"name":"functions"},"function":{"name":"api"},"message":"Beginning execution of \"api\""}}
[debug] [2021-03-13T02:03:12.646Z] [runtime-status] [70617] triggerDefinition {"httpsTrigger":{},"name":"api","entryPoint":"api"} {"metadata":{"emulator":{"name":"functions"},"function":{"name":"api"},"message":"[runtime-status] [70617] triggerDefinition {\"httpsTrigger\":{},\"name\":\"api\",\"entryPoint\":\"api\"}"}}
[debug] [2021-03-13T02:03:12.647Z] [runtime-status] [70617] Running api in mode HTTPS {"metadata":{"emulator":{"name":"functions"},"function":{"name":"api"},"message":"[runtime-status] [70617] Running api in mode HTTPS"}}
[debug] [2021-03-13T02:03:12.647Z] [runtime-status] [70617] Attempting to listen to socketPath: /tmp/fire_emu_70617.sock {"metadata":{"emulator":{"name":"functions"},"function":{"name":"api"},"message":"[runtime-status] [70617] Attempting to listen to socketPath: /tmp/fire_emu_70617.sock"}}
[debug] [2021-03-13T02:03:12.649Z] [functions] Runtime ready! Sending request! {"metadata":{"emulator":{"name":"functions"},"message":"[functions] Runtime ready! Sending request!"}}
[debug] [2021-03-13T02:03:12.649Z] [functions] Got req.url=/trigger-app-c28b9/us-central1/api/login, mapping to path=/login {"metadata":{"emulator":{"name":"functions"},"message":"[functions] Got req.url=/trigger-app-c28b9/us-central1/api/login, mapping to path=/login"}}
[debug] [2021-03-13T02:03:12.656Z] [runtime-status] [70617] Ephemeral server handling POST request {"metadata":{"emulator":{"name":"functions"},"function":{"name":"api"},"message":"[runtime-status] [70617] Ephemeral server handling POST request"}}
[debug] [2021-03-13T02:03:12.660Z] [runtime-status] [70617] Ephemeral server survived. {"metadata":{"emulator":{"name":"functions"},"function":{"name":"api"},"message":"[runtime-status] [70617] Ephemeral server survived."}}
[info] >  [t [Error]: The password is invalid or the user does not have a password.] { {"user":"[t [Error]: The password is invalid or the user does not have a password.] {","metadata":{"emulator":{"name":"functions"},"function":{"name":"api"},"message":"\u001b[90m> \u001b[39m [t [Error]: The password is invalid or the user does not have a password.] {"}}
[info] >    code: 'auth/wrong-password', {"user":"  code: 'auth/wrong-password',","metadata":{"emulator":{"name":"functions"},"function":{"name":"api"},"message":"\u001b[90m> \u001b[39m   code: 'auth/wrong-password',"}}
[info] >    a: null {"user":"  a: null","metadata":{"emulator":{"name":"functions"},"function":{"name":"api"},"message":"\u001b[90m> \u001b[39m   a: null"}}
[info] >  } {"user":"}","metadata":{"emulator":{"name":"functions"},"function":{"name":"api"},"message":"\u001b[90m> \u001b[39m }"}}
[info] i  functions: Finished "api" in ~1s {"metadata":{"emulator":{"name":"functions"},"function":{"name":"api"},"message":"Finished \"api\" in ~1s"}}
[debug] [2021-03-13T02:03:13.043Z] [worker-api-3066c0bc-0463-4f5d-84f4-f851e90e7c7a]: IDLE {"metadata":{"emulator":{"name":"functions"},"message":"[worker-api-3066c0bc-0463-4f5d-84f4-f851e90e7c7a]: IDLE"}}
[debug] [2021-03-13T02:03:13.047Z] [work-queue] {"queueLength":0,"workRunningCount":0}
[debug] [2021-03-13T02:04:27.815Z] [work-queue] {"queueLength":1,"workRunningCount":0}
[debug] [2021-03-13T02:04:27.816Z] [work-queue] {"queueLength":0,"workRunningCount":1}
[debug] [2021-03-13T02:04:27.817Z] Accepted request POST /trigger-app-c28b9/us-central1/api/login --> api
[debug] [2021-03-13T02:04:27.818Z] [worker-pool] submitWork(triggerId=api) {"metadata":{"emulator":{"name":"functions"},"message":"[worker-pool] submitWork(triggerId=api)"}}
[debug] [2021-03-13T02:04:27.818Z] [worker-api-3066c0bc-0463-4f5d-84f4-f851e90e7c7a]: Assigning socketPath: /tmp/fire_emu_70617.sock {"metadata":{"emulator":{"name":"functions"},"message":"[worker-api-3066c0bc-0463-4f5d-84f4-f851e90e7c7a]: Assigning socketPath: /tmp/fire_emu_70617.sock"}}
[debug] [2021-03-13T02:04:27.818Z] [worker-api-3066c0bc-0463-4f5d-84f4-f851e90e7c7a]: BUSY {"metadata":{"emulator":{"name":"functions"},"message":"[worker-api-3066c0bc-0463-4f5d-84f4-f851e90e7c7a]: BUSY"}}
[debug] [2021-03-13T02:04:27.819Z] [runtime-status] [70617] Trigger "api" has been found, beginning invocation! {"metadata":{"emulator":{"name":"functions"},"function":{"name":"api"},"message":"[runtime-status] [70617] Trigger \"api\" has been found, beginning invocation!"}}
[info] i  functions: Beginning execution of "api" {"metadata":{"emulator":{"name":"functions"},"function":{"name":"api"},"message":"Beginning execution of \"api\""}}
[debug] [2021-03-13T02:04:27.821Z] [runtime-status] [70617] triggerDefinition {"httpsTrigger":{},"name":"api","entryPoint":"api"} {"metadata":{"emulator":{"name":"functions"},"function":{"name":"api"},"message":"[runtime-status] [70617] triggerDefinition {\"httpsTrigger\":{},\"name\":\"api\",\"entryPoint\":\"api\"}"}}
[debug] [2021-03-13T02:04:27.821Z] [runtime-status] [70617] Running api in mode HTTPS {"metadata":{"emulator":{"name":"functions"},"function":{"name":"api"},"message":"[runtime-status] [70617] Running api in mode HTTPS"}}
[debug] [2021-03-13T02:04:27.822Z] [runtime-status] [70617] Attempting to listen to socketPath: /tmp/fire_emu_70617.sock {"metadata":{"emulator":{"name":"functions"},"function":{"name":"api"},"message":"[runtime-status] [70617] Attempting to listen to socketPath: /tmp/fire_emu_70617.sock"}}
[debug] [2021-03-13T02:04:27.826Z] [functions] Runtime ready! Sending request! {"metadata":{"emulator":{"name":"functions"},"message":"[functions] Runtime ready! Sending request!"}}
[debug] [2021-03-13T02:04:27.826Z] [functions] Got req.url=/trigger-app-c28b9/us-central1/api/login, mapping to path=/login {"metadata":{"emulator":{"name":"functions"},"message":"[functions] Got req.url=/trigger-app-c28b9/us-central1/api/login, mapping to path=/login"}}
[debug] [2021-03-13T02:04:27.834Z] [runtime-status] [70617] Ephemeral server handling POST request {"metadata":{"emulator":{"name":"functions"},"function":{"name":"api"},"message":"[runtime-status] [70617] Ephemeral server handling POST request"}}
[debug] [2021-03-13T02:04:27.838Z] [runtime-status] [70617] Ephemeral server survived. {"metadata":{"emulator":{"name":"functions"},"function":{"name":"api"},"message":"[runtime-status] [70617] Ephemeral server survived."}}
[info] i  functions: Finished "api" in ~1s {"metadata":{"emulator":{"name":"functions"},"function":{"name":"api"},"message":"Finished \"api\" in ~1s"}}
[debug] [2021-03-13T02:04:28.473Z] [worker-api-3066c0bc-0463-4f5d-84f4-f851e90e7c7a]: IDLE {"metadata":{"emulator":{"name":"functions"},"message":"[worker-api-3066c0bc-0463-4f5d-84f4-f851e90e7c7a]: IDLE"}}
[debug] [2021-03-13T02:04:28.474Z] [work-queue] {"queueLength":0,"workRunningCount":0}
[debug] [2021-03-13T02:22:38.833Z] [work-queue] {"queueLength":1,"workRunningCount":0}
[debug] [2021-03-13T02:22:38.834Z] [work-queue] {"queueLength":0,"workRunningCount":1}
[debug] [2021-03-13T02:22:38.834Z] Accepted request POST /trigger-app-c28b9/us-central1/api/signup --> api
[debug] [2021-03-13T02:22:38.834Z] [worker-pool] submitWork(triggerId=api) {"metadata":{"emulator":{"name":"functions"},"message":"[worker-pool] submitWork(triggerId=api)"}}
[debug] [2021-03-13T02:22:38.835Z] [worker-api-3066c0bc-0463-4f5d-84f4-f851e90e7c7a]: Assigning socketPath: /tmp/fire_emu_70617.sock {"metadata":{"emulator":{"name":"functions"},"message":"[worker-api-3066c0bc-0463-4f5d-84f4-f851e90e7c7a]: Assigning socketPath: /tmp/fire_emu_70617.sock"}}
[debug] [2021-03-13T02:22:38.835Z] [worker-api-3066c0bc-0463-4f5d-84f4-f851e90e7c7a]: BUSY {"metadata":{"emulator":{"name":"functions"},"message":"[worker-api-3066c0bc-0463-4f5d-84f4-f851e90e7c7a]: BUSY"}}
[debug] [2021-03-13T02:22:38.836Z] [runtime-status] [70617] Trigger "api" has been found, beginning invocation! {"metadata":{"emulator":{"name":"functions"},"function":{"name":"api"},"message":"[runtime-status] [70617] Trigger \"api\" has been found, beginning invocation!"}}
[info] i  functions: Beginning execution of "api" {"metadata":{"emulator":{"name":"functions"},"function":{"name":"api"},"message":"Beginning execution of \"api\""}}
[debug] [2021-03-13T02:22:38.842Z] [runtime-status] [70617] triggerDefinition {"httpsTrigger":{},"name":"api","entryPoint":"api"} {"metadata":{"emulator":{"name":"functions"},"function":{"name":"api"},"message":"[runtime-status] [70617] triggerDefinition {\"httpsTrigger\":{},\"name\":\"api\",\"entryPoint\":\"api\"}"}}
[debug] [2021-03-13T02:22:38.843Z] [runtime-status] [70617] Running api in mode HTTPS {"metadata":{"emulator":{"name":"functions"},"function":{"name":"api"},"message":"[runtime-status] [70617] Running api in mode HTTPS"}}
[debug] [2021-03-13T02:22:38.844Z] [runtime-status] [70617] Attempting to listen to socketPath: /tmp/fire_emu_70617.sock {"metadata":{"emulator":{"name":"functions"},"function":{"name":"api"},"message":"[runtime-status] [70617] Attempting to listen to socketPath: /tmp/fire_emu_70617.sock"}}
[debug] [2021-03-13T02:22:38.851Z] [functions] Runtime ready! Sending request! {"metadata":{"emulator":{"name":"functions"},"message":"[functions] Runtime ready! Sending request!"}}
[debug] [2021-03-13T02:22:38.852Z] [functions] Got req.url=/trigger-app-c28b9/us-central1/api/signup, mapping to path=/signup {"metadata":{"emulator":{"name":"functions"},"message":"[functions] Got req.url=/trigger-app-c28b9/us-central1/api/signup, mapping to path=/signup"}}
[debug] [2021-03-13T02:22:38.871Z] [runtime-status] [70617] Ephemeral server handling POST request {"metadata":{"emulator":{"name":"functions"},"function":{"name":"api"},"message":"[runtime-status] [70617] Ephemeral server handling POST request"}}
[debug] [2021-03-13T02:22:38.876Z] [runtime-status] [70617] Ephemeral server survived. {"metadata":{"emulator":{"name":"functions"},"function":{"name":"api"},"message":"[runtime-status] [70617] Ephemeral server survived."}}
[info] i  functions: Finished "api" in ~1s {"metadata":{"emulator":{"name":"functions"},"function":{"name":"api"},"message":"Finished \"api\" in ~1s"}}
[debug] [2021-03-13T02:22:38.877Z] [worker-api-3066c0bc-0463-4f5d-84f4-f851e90e7c7a]: IDLE {"metadata":{"emulator":{"name":"functions"},"message":"[worker-api-3066c0bc-0463-4f5d-84f4-f851e90e7c7a]: IDLE"}}
[debug] [2021-03-13T02:22:38.878Z] [work-queue] {"queueLength":0,"workRunningCount":0}
[debug] [2021-03-13T02:22:41.123Z] [work-queue] {"queueLength":1,"workRunningCount":0}
[debug] [2021-03-13T02:22:41.124Z] [work-queue] {"queueLength":0,"workRunningCount":1}
[debug] [2021-03-13T02:22:41.124Z] Accepted request POST /trigger-app-c28b9/us-central1/api/signup --> api
[debug] [2021-03-13T02:22:41.124Z] [worker-pool] submitWork(triggerId=api) {"metadata":{"emulator":{"name":"functions"},"message":"[worker-pool] submitWork(triggerId=api)"}}
[debug] [2021-03-13T02:22:41.125Z] [worker-api-3066c0bc-0463-4f5d-84f4-f851e90e7c7a]: Assigning socketPath: /tmp/fire_emu_70617.sock {"metadata":{"emulator":{"name":"functions"},"message":"[worker-api-3066c0bc-0463-4f5d-84f4-f851e90e7c7a]: Assigning socketPath: /tmp/fire_emu_70617.sock"}}
[debug] [2021-03-13T02:22:41.125Z] [worker-api-3066c0bc-0463-4f5d-84f4-f851e90e7c7a]: BUSY {"metadata":{"emulator":{"name":"functions"},"message":"[worker-api-3066c0bc-0463-4f5d-84f4-f851e90e7c7a]: BUSY"}}
[debug] [2021-03-13T02:22:41.126Z] [runtime-status] [70617] Trigger "api" has been found, beginning invocation! {"metadata":{"emulator":{"name":"functions"},"function":{"name":"api"},"message":"[runtime-status] [70617] Trigger \"api\" has been found, beginning invocation!"}}
[info] i  functions: Beginning execution of "api" {"metadata":{"emulator":{"name":"functions"},"function":{"name":"api"},"message":"Beginning execution of \"api\""}}
[debug] [2021-03-13T02:22:41.128Z] [runtime-status] [70617] triggerDefinition {"httpsTrigger":{},"name":"api","entryPoint":"api"} {"metadata":{"emulator":{"name":"functions"},"function":{"name":"api"},"message":"[runtime-status] [70617] triggerDefinition {\"httpsTrigger\":{},\"name\":\"api\",\"entryPoint\":\"api\"}"}}
[debug] [2021-03-13T02:22:41.128Z] [runtime-status] [70617] Running api in mode HTTPS {"metadata":{"emulator":{"name":"functions"},"function":{"name":"api"},"message":"[runtime-status] [70617] Running api in mode HTTPS"}}
[debug] [2021-03-13T02:22:41.129Z] [runtime-status] [70617] Attempting to listen to socketPath: /tmp/fire_emu_70617.sock {"metadata":{"emulator":{"name":"functions"},"function":{"name":"api"},"message":"[runtime-status] [70617] Attempting to listen to socketPath: /tmp/fire_emu_70617.sock"}}
[debug] [2021-03-13T02:22:41.132Z] [functions] Runtime ready! Sending request! {"metadata":{"emulator":{"name":"functions"},"message":"[functions] Runtime ready! Sending request!"}}
[debug] [2021-03-13T02:22:41.133Z] [functions] Got req.url=/trigger-app-c28b9/us-central1/api/signup, mapping to path=/signup {"metadata":{"emulator":{"name":"functions"},"message":"[functions] Got req.url=/trigger-app-c28b9/us-central1/api/signup, mapping to path=/signup"}}
[debug] [2021-03-13T02:22:41.139Z] [runtime-status] [70617] Ephemeral server handling POST request {"metadata":{"emulator":{"name":"functions"},"function":{"name":"api"},"message":"[runtime-status] [70617] Ephemeral server handling POST request"}}
[debug] [2021-03-13T02:22:41.146Z] [runtime-status] [70617] Ephemeral server survived. {"metadata":{"emulator":{"name":"functions"},"function":{"name":"api"},"message":"[runtime-status] [70617] Ephemeral server survived."}}
[info] i  functions: Finished "api" in ~1s {"metadata":{"emulator":{"name":"functions"},"function":{"name":"api"},"message":"Finished \"api\" in ~1s"}}
[debug] [2021-03-13T02:22:41.148Z] [worker-api-3066c0bc-0463-4f5d-84f4-f851e90e7c7a]: IDLE {"metadata":{"emulator":{"name":"functions"},"message":"[worker-api-3066c0bc-0463-4f5d-84f4-f851e90e7c7a]: IDLE"}}
[debug] [2021-03-13T02:22:41.149Z] [work-queue] {"queueLength":0,"workRunningCount":0}
[debug] [2021-03-13T02:22:46.388Z] [work-queue] {"queueLength":1,"workRunningCount":0}
[debug] [2021-03-13T02:22:46.388Z] [work-queue] {"queueLength":0,"workRunningCount":1}
[debug] [2021-03-13T02:22:46.388Z] Accepted request POST /trigger-app-c28b9/us-central1/api/signup --> api
[debug] [2021-03-13T02:22:46.389Z] [worker-pool] submitWork(triggerId=api) {"metadata":{"emulator":{"name":"functions"},"message":"[worker-pool] submitWork(triggerId=api)"}}
[debug] [2021-03-13T02:22:46.389Z] [worker-api-3066c0bc-0463-4f5d-84f4-f851e90e7c7a]: Assigning socketPath: /tmp/fire_emu_70617.sock {"metadata":{"emulator":{"name":"functions"},"message":"[worker-api-3066c0bc-0463-4f5d-84f4-f851e90e7c7a]: Assigning socketPath: /tmp/fire_emu_70617.sock"}}
[debug] [2021-03-13T02:22:46.390Z] [worker-api-3066c0bc-0463-4f5d-84f4-f851e90e7c7a]: BUSY {"metadata":{"emulator":{"name":"functions"},"message":"[worker-api-3066c0bc-0463-4f5d-84f4-f851e90e7c7a]: BUSY"}}
[debug] [2021-03-13T02:22:46.391Z] [runtime-status] [70617] Trigger "api" has been found, beginning invocation! {"metadata":{"emulator":{"name":"functions"},"function":{"name":"api"},"message":"[runtime-status] [70617] Trigger \"api\" has been found, beginning invocation!"}}
[info] i  functions: Beginning execution of "api" {"metadata":{"emulator":{"name":"functions"},"function":{"name":"api"},"message":"Beginning execution of \"api\""}}
[debug] [2021-03-13T02:22:46.392Z] [runtime-status] [70617] triggerDefinition {"httpsTrigger":{},"name":"api","entryPoint":"api"} {"metadata":{"emulator":{"name":"functions"},"function":{"name":"api"},"message":"[runtime-status] [70617] triggerDefinition {\"httpsTrigger\":{},\"name\":\"api\",\"entryPoint\":\"api\"}"}}
[debug] [2021-03-13T02:22:46.392Z] [runtime-status] [70617] Running api in mode HTTPS {"metadata":{"emulator":{"name":"functions"},"function":{"name":"api"},"message":"[runtime-status] [70617] Running api in mode HTTPS"}}
[debug] [2021-03-13T02:22:46.393Z] [runtime-status] [70617] Attempting to listen to socketPath: /tmp/fire_emu_70617.sock {"metadata":{"emulator":{"name":"functions"},"function":{"name":"api"},"message":"[runtime-status] [70617] Attempting to listen to socketPath: /tmp/fire_emu_70617.sock"}}
[debug] [2021-03-13T02:22:46.395Z] [functions] Runtime ready! Sending request! {"metadata":{"emulator":{"name":"functions"},"message":"[functions] Runtime ready! Sending request!"}}
[debug] [2021-03-13T02:22:46.396Z] [functions] Got req.url=/trigger-app-c28b9/us-central1/api/signup, mapping to path=/signup {"metadata":{"emulator":{"name":"functions"},"message":"[functions] Got req.url=/trigger-app-c28b9/us-central1/api/signup, mapping to path=/signup"}}
[debug] [2021-03-13T02:22:46.408Z] [runtime-status] [70617] Ephemeral server handling POST request {"metadata":{"emulator":{"name":"functions"},"function":{"name":"api"},"message":"[runtime-status] [70617] Ephemeral server handling POST request"}}
[debug] [2021-03-13T02:22:46.409Z] [runtime-status] [70617] Ephemeral server survived. {"metadata":{"emulator":{"name":"functions"},"function":{"name":"api"},"message":"[runtime-status] [70617] Ephemeral server survived."}}
[info] i  functions: Finished "api" in ~1s {"metadata":{"emulator":{"name":"functions"},"function":{"name":"api"},"message":"Finished \"api\" in ~1s"}}
[debug] [2021-03-13T02:22:46.410Z] [worker-api-3066c0bc-0463-4f5d-84f4-f851e90e7c7a]: IDLE {"metadata":{"emulator":{"name":"functions"},"message":"[worker-api-3066c0bc-0463-4f5d-84f4-f851e90e7c7a]: IDLE"}}
[debug] [2021-03-13T02:22:46.410Z] [work-queue] {"queueLength":0,"workRunningCount":0}
[debug] [2021-03-13T02:22:51.586Z] [work-queue] {"queueLength":1,"workRunningCount":0}
[debug] [2021-03-13T02:22:51.586Z] [work-queue] {"queueLength":0,"workRunningCount":1}
[debug] [2021-03-13T02:22:51.587Z] Accepted request POST /trigger-app-c28b9/us-central1/api/signup --> api
[debug] [2021-03-13T02:22:51.587Z] [worker-pool] submitWork(triggerId=api) {"metadata":{"emulator":{"name":"functions"},"message":"[worker-pool] submitWork(triggerId=api)"}}
[debug] [2021-03-13T02:22:51.587Z] [worker-api-3066c0bc-0463-4f5d-84f4-f851e90e7c7a]: Assigning socketPath: /tmp/fire_emu_70617.sock {"metadata":{"emulator":{"name":"functions"},"message":"[worker-api-3066c0bc-0463-4f5d-84f4-f851e90e7c7a]: Assigning socketPath: /tmp/fire_emu_70617.sock"}}
[debug] [2021-03-13T02:22:51.588Z] [worker-api-3066c0bc-0463-4f5d-84f4-f851e90e7c7a]: BUSY {"metadata":{"emulator":{"name":"functions"},"message":"[worker-api-3066c0bc-0463-4f5d-84f4-f851e90e7c7a]: BUSY"}}
[debug] [2021-03-13T02:22:51.591Z] [runtime-status] [70617] Trigger "api" has been found, beginning invocation! {"metadata":{"emulator":{"name":"functions"},"function":{"name":"api"},"message":"[runtime-status] [70617] Trigger \"api\" has been found, beginning invocation!"}}
[info] i  functions: Beginning execution of "api" {"metadata":{"emulator":{"name":"functions"},"function":{"name":"api"},"message":"Beginning execution of \"api\""}}
[debug] [2021-03-13T02:22:51.593Z] [runtime-status] [70617] triggerDefinition {"httpsTrigger":{},"name":"api","entryPoint":"api"} {"metadata":{"emulator":{"name":"functions"},"function":{"name":"api"},"message":"[runtime-status] [70617] triggerDefinition {\"httpsTrigger\":{},\"name\":\"api\",\"entryPoint\":\"api\"}"}}
[debug] [2021-03-13T02:22:51.593Z] [runtime-status] [70617] Running api in mode HTTPS {"metadata":{"emulator":{"name":"functions"},"function":{"name":"api"},"message":"[runtime-status] [70617] Running api in mode HTTPS"}}
[debug] [2021-03-13T02:22:51.593Z] [runtime-status] [70617] Attempting to listen to socketPath: /tmp/fire_emu_70617.sock {"metadata":{"emulator":{"name":"functions"},"function":{"name":"api"},"message":"[runtime-status] [70617] Attempting to listen to socketPath: /tmp/fire_emu_70617.sock"}}
[debug] [2021-03-13T02:22:51.597Z] [functions] Runtime ready! Sending request! {"metadata":{"emulator":{"name":"functions"},"message":"[functions] Runtime ready! Sending request!"}}
[debug] [2021-03-13T02:22:51.598Z] [functions] Got req.url=/trigger-app-c28b9/us-central1/api/signup, mapping to path=/signup {"metadata":{"emulator":{"name":"functions"},"message":"[functions] Got req.url=/trigger-app-c28b9/us-central1/api/signup, mapping to path=/signup"}}
[debug] [2021-03-13T02:22:51.615Z] [runtime-status] [70617] Ephemeral server handling POST request {"metadata":{"emulator":{"name":"functions"},"function":{"name":"api"},"message":"[runtime-status] [70617] Ephemeral server handling POST request"}}
[debug] [2021-03-13T02:22:51.616Z] [runtime-status] [70617] Ephemeral server survived. {"metadata":{"emulator":{"name":"functions"},"function":{"name":"api"},"message":"[runtime-status] [70617] Ephemeral server survived."}}
[warn] ⚠  Google API requested!
   - URL: "https://oauth2.googleapis.com/token"
   - Be careful, this may be a production service. {"metadata":{"emulator":{"name":"functions"},"function":{"name":"api"},"message":"Google API requested!\n   - URL: \"https://oauth2.googleapis.com/token\"\n   - Be careful, this may be a production service."}}
[info] >  [t [Error]: Password should be at least 6 characters] { {"user":"[t [Error]: Password should be at least 6 characters] {","metadata":{"emulator":{"name":"functions"},"function":{"name":"api"},"message":"\u001b[90m> \u001b[39m [t [Error]: Password should be at least 6 characters] {"}}
[info] >    code: 'auth/weak-password', {"user":"  code: 'auth/weak-password',","metadata":{"emulator":{"name":"functions"},"function":{"name":"api"},"message":"\u001b[90m> \u001b[39m   code: 'auth/weak-password',"}}
[info] >    a: null {"user":"  a: null","metadata":{"emulator":{"name":"functions"},"function":{"name":"api"},"message":"\u001b[90m> \u001b[39m   a: null"}}
[info] >  } {"user":"}","metadata":{"emulator":{"name":"functions"},"function":{"name":"api"},"message":"\u001b[90m> \u001b[39m }"}}
[info] i  functions: Finished "api" in ~1s {"metadata":{"emulator":{"name":"functions"},"function":{"name":"api"},"message":"Finished \"api\" in ~1s"}}
[debug] [2021-03-13T02:22:52.809Z] [worker-api-3066c0bc-0463-4f5d-84f4-f851e90e7c7a]: IDLE {"metadata":{"emulator":{"name":"functions"},"message":"[worker-api-3066c0bc-0463-4f5d-84f4-f851e90e7c7a]: IDLE"}}
[debug] [2021-03-13T02:22:52.810Z] [work-queue] {"queueLength":0,"workRunningCount":0}
[debug] [2021-03-13T02:23:54.197Z] [work-queue] {"queueLength":1,"workRunningCount":0}
[debug] [2021-03-13T02:23:54.197Z] [work-queue] {"queueLength":0,"workRunningCount":1}
[debug] [2021-03-13T02:23:54.198Z] Accepted request POST /trigger-app-c28b9/us-central1/api/signup --> api
[debug] [2021-03-13T02:23:54.198Z] [worker-pool] submitWork(triggerId=api) {"metadata":{"emulator":{"name":"functions"},"message":"[worker-pool] submitWork(triggerId=api)"}}
[debug] [2021-03-13T02:23:54.199Z] [worker-api-3066c0bc-0463-4f5d-84f4-f851e90e7c7a]: Assigning socketPath: /tmp/fire_emu_70617.sock {"metadata":{"emulator":{"name":"functions"},"message":"[worker-api-3066c0bc-0463-4f5d-84f4-f851e90e7c7a]: Assigning socketPath: /tmp/fire_emu_70617.sock"}}
[debug] [2021-03-13T02:23:54.199Z] [worker-api-3066c0bc-0463-4f5d-84f4-f851e90e7c7a]: BUSY {"metadata":{"emulator":{"name":"functions"},"message":"[worker-api-3066c0bc-0463-4f5d-84f4-f851e90e7c7a]: BUSY"}}
[debug] [2021-03-13T02:23:54.200Z] [runtime-status] [70617] Trigger "api" has been found, beginning invocation! {"metadata":{"emulator":{"name":"functions"},"function":{"name":"api"},"message":"[runtime-status] [70617] Trigger \"api\" has been found, beginning invocation!"}}
[info] i  functions: Beginning execution of "api" {"metadata":{"emulator":{"name":"functions"},"function":{"name":"api"},"message":"Beginning execution of \"api\""}}
[debug] [2021-03-13T02:23:54.201Z] [runtime-status] [70617] triggerDefinition {"httpsTrigger":{},"name":"api","entryPoint":"api"} {"metadata":{"emulator":{"name":"functions"},"function":{"name":"api"},"message":"[runtime-status] [70617] triggerDefinition {\"httpsTrigger\":{},\"name\":\"api\",\"entryPoint\":\"api\"}"}}
[debug] [2021-03-13T02:23:54.202Z] [runtime-status] [70617] Running api in mode HTTPS {"metadata":{"emulator":{"name":"functions"},"function":{"name":"api"},"message":"[runtime-status] [70617] Running api in mode HTTPS"}}
[debug] [2021-03-13T02:23:54.204Z] [runtime-status] [70617] Attempting to listen to socketPath: /tmp/fire_emu_70617.sock {"metadata":{"emulator":{"name":"functions"},"function":{"name":"api"},"message":"[runtime-status] [70617] Attempting to listen to socketPath: /tmp/fire_emu_70617.sock"}}
[debug] [2021-03-13T02:23:54.207Z] [functions] Runtime ready! Sending request! {"metadata":{"emulator":{"name":"functions"},"message":"[functions] Runtime ready! Sending request!"}}
[debug] [2021-03-13T02:23:54.207Z] [functions] Got req.url=/trigger-app-c28b9/us-central1/api/signup, mapping to path=/signup {"metadata":{"emulator":{"name":"functions"},"message":"[functions] Got req.url=/trigger-app-c28b9/us-central1/api/signup, mapping to path=/signup"}}
[debug] [2021-03-13T02:23:54.224Z] [runtime-status] [70617] Ephemeral server handling POST request {"metadata":{"emulator":{"name":"functions"},"function":{"name":"api"},"message":"[runtime-status] [70617] Ephemeral server handling POST request"}}
[debug] [2021-03-13T02:23:54.225Z] [runtime-status] [70617] Ephemeral server survived. {"metadata":{"emulator":{"name":"functions"},"function":{"name":"api"},"message":"[runtime-status] [70617] Ephemeral server survived."}}
[info] i  functions: Finished "api" in ~1s {"metadata":{"emulator":{"name":"functions"},"function":{"name":"api"},"message":"Finished \"api\" in ~1s"}}
[debug] [2021-03-13T02:23:54.225Z] [worker-api-3066c0bc-0463-4f5d-84f4-f851e90e7c7a]: IDLE {"metadata":{"emulator":{"name":"functions"},"message":"[worker-api-3066c0bc-0463-4f5d-84f4-f851e90e7c7a]: IDLE"}}
[debug] [2021-03-13T02:23:54.226Z] [work-queue] {"queueLength":0,"workRunningCount":0}
[debug] [2021-03-13T02:24:28.882Z] [work-queue] {"queueLength":1,"workRunningCount":0}
[debug] [2021-03-13T02:24:28.883Z] [work-queue] {"queueLength":0,"workRunningCount":1}
[debug] [2021-03-13T02:24:28.883Z] Accepted request POST /trigger-app-c28b9/us-central1/api/signup --> api
[debug] [2021-03-13T02:24:28.883Z] [worker-pool] submitWork(triggerId=api) {"metadata":{"emulator":{"name":"functions"},"message":"[worker-pool] submitWork(triggerId=api)"}}
[debug] [2021-03-13T02:24:28.884Z] [worker-api-3066c0bc-0463-4f5d-84f4-f851e90e7c7a]: Assigning socketPath: /tmp/fire_emu_70617.sock {"metadata":{"emulator":{"name":"functions"},"message":"[worker-api-3066c0bc-0463-4f5d-84f4-f851e90e7c7a]: Assigning socketPath: /tmp/fire_emu_70617.sock"}}
[debug] [2021-03-13T02:24:28.884Z] [worker-api-3066c0bc-0463-4f5d-84f4-f851e90e7c7a]: BUSY {"metadata":{"emulator":{"name":"functions"},"message":"[worker-api-3066c0bc-0463-4f5d-84f4-f851e90e7c7a]: BUSY"}}
[debug] [2021-03-13T02:24:28.885Z] [runtime-status] [70617] Trigger "api" has been found, beginning invocation! {"metadata":{"emulator":{"name":"functions"},"function":{"name":"api"},"message":"[runtime-status] [70617] Trigger \"api\" has been found, beginning invocation!"}}
[info] i  functions: Beginning execution of "api" {"metadata":{"emulator":{"name":"functions"},"function":{"name":"api"},"message":"Beginning execution of \"api\""}}
[debug] [2021-03-13T02:24:28.888Z] [runtime-status] [70617] triggerDefinition {"httpsTrigger":{},"name":"api","entryPoint":"api"} {"metadata":{"emulator":{"name":"functions"},"function":{"name":"api"},"message":"[runtime-status] [70617] triggerDefinition {\"httpsTrigger\":{},\"name\":\"api\",\"entryPoint\":\"api\"}"}}
[debug] [2021-03-13T02:24:28.889Z] [runtime-status] [70617] Running api in mode HTTPS {"metadata":{"emulator":{"name":"functions"},"function":{"name":"api"},"message":"[runtime-status] [70617] Running api in mode HTTPS"}}
[debug] [2021-03-13T02:24:28.893Z] [runtime-status] [70617] Attempting to listen to socketPath: /tmp/fire_emu_70617.sock {"metadata":{"emulator":{"name":"functions"},"function":{"name":"api"},"message":"[runtime-status] [70617] Attempting to listen to socketPath: /tmp/fire_emu_70617.sock"}}
[debug] [2021-03-13T02:24:28.895Z] [functions] Runtime ready! Sending request! {"metadata":{"emulator":{"name":"functions"},"message":"[functions] Runtime ready! Sending request!"}}
[debug] [2021-03-13T02:24:28.895Z] [functions] Got req.url=/trigger-app-c28b9/us-central1/api/signup, mapping to path=/signup {"metadata":{"emulator":{"name":"functions"},"message":"[functions] Got req.url=/trigger-app-c28b9/us-central1/api/signup, mapping to path=/signup"}}
[debug] [2021-03-13T02:24:28.908Z] [runtime-status] [70617] Ephemeral server handling POST request {"metadata":{"emulator":{"name":"functions"},"function":{"name":"api"},"message":"[runtime-status] [70617] Ephemeral server handling POST request"}}
[debug] [2021-03-13T02:24:28.909Z] [runtime-status] [70617] Ephemeral server survived. {"metadata":{"emulator":{"name":"functions"},"function":{"name":"api"},"message":"[runtime-status] [70617] Ephemeral server survived."}}
[info] i  functions: Finished "api" in ~1s {"metadata":{"emulator":{"name":"functions"},"function":{"name":"api"},"message":"Finished \"api\" in ~1s"}}
[debug] [2021-03-13T02:24:29.845Z] [worker-api-3066c0bc-0463-4f5d-84f4-f851e90e7c7a]: IDLE {"metadata":{"emulator":{"name":"functions"},"message":"[worker-api-3066c0bc-0463-4f5d-84f4-f851e90e7c7a]: IDLE"}}
[debug] [2021-03-13T02:24:29.846Z] [work-queue] {"queueLength":0,"workRunningCount":0}
